<?xml version="1.0" encoding="UTF-8"?>
<testsuite xmlns:xsi="http://www.w3.org/2001/XMLSchema-instance" xsi:noNamespaceSchemaLocation="https://maven.apache.org/surefire/maven-surefire-plugin/xsd/surefire-test-report-3.0.xsd" version="3.0" name="fr.istic.taa.jaxrs.service.PersonneServiceTest" time="0.044" tests="5" errors="0" skipped="0" failures="0">
  <properties>
[...]
</properties>
  <testcase name="testGetByIdNotFound" classname="fr.istic.taa.jaxrs.service.PersonneServiceTest" time="0.002">
    <system-out><![CDATA[Hibernate: select p1_0.id,p1_0.type_personne,p1_0.numero,p1_0.rue,p1_0.ville,p1_0.email,p1_0.nom,p1_0.password,p1_0.prenom,p1_0.role,p1_0.nomDeScene,p1_0.styleArtistique,p1_0.societe,p1_0.telephonePro,p1_0.telephone from Personne p1_0 where p1_0.id=?
]]></system-out>
  </testcase>
  <testcase name="testGetById" classname="fr.istic.taa.jaxrs.service.PersonneServiceTest" time="0.003">
    <system-out><![CDATA[Hibernate: insert into Personne (numero,rue,ville,email,nom,password,prenom,telephone,type_personne) values (?,?,?,?,?,?,?,?,'UTILISATEUR')
]]></system-out>
  </testcase>
  <testcase name="testDelete" classname="fr.istic.taa.jaxrs.service.PersonneServiceTest" time="0.008">
    <system-out><![CDATA[Hibernate: insert into Personne (numero,rue,ville,email,nom,password,prenom,telephone,type_personne) values (?,?,?,?,?,?,?,?,'UTILISATEUR')
Hibernate: delete from Personne where id=?
Hibernate: select p1_0.id,p1_0.type_personne,p1_0.numero,p1_0.rue,p1_0.ville,p1_0.email,p1_0.nom,p1_0.password,p1_0.prenom,p1_0.role,p1_0.nomDeScene,p1_0.styleArtistique,p1_0.societe,p1_0.telephonePro,p1_0.telephone from Personne p1_0 where p1_0.id=?
]]></system-out>
  </testcase>
  <testcase name="testGetAll" classname="fr.istic.taa.jaxrs.service.PersonneServiceTest" time="0.012">
    <system-out><![CDATA[Hibernate: insert into Personne (numero,rue,ville,email,nom,password,prenom,telephone,type_personne) values (?,?,?,?,?,?,?,?,'UTILISATEUR')
Hibernate: insert into Personne (numero,rue,ville,email,nom,password,prenom,telephone,type_personne) values (?,?,?,?,?,?,?,?,'UTILISATEUR')
Hibernate: select p1_0.id,p1_0.type_personne,p1_0.numero,p1_0.rue,p1_0.ville,p1_0.email,p1_0.nom,p1_0.password,p1_0.prenom,p1_0.role,p1_0.nomDeScene,p1_0.styleArtistique,p1_0.societe,p1_0.telephonePro,p1_0.telephone from Personne p1_0
]]></system-out>
  </testcase>
  <testcase name="testUpdate" classname="fr.istic.taa.jaxrs.service.PersonneServiceTest" time="0.012">
    <system-out><![CDATA[Hibernate: insert into Personne (numero,rue,ville,email,nom,password,prenom,telephone,type_personne) values (?,?,?,?,?,?,?,?,'UTILISATEUR')
Hibernate: update Personne set numero=?,rue=?,ville=?,email=?,nom=?,password=?,prenom=?,telephone=? where id=?
]]></system-out>
  </testcase>
</testsuite>